2025-09-06 03:34:28,051 - INFO - 🔍 Running analysis only (dry run)
2025-09-06 03:34:28,051 - INFO - 🔍 Analyzing codebase for cleanup opportunities...
2025-09-06 03:34:28,068 - WARNING - ⚠️ Could not analyze build_beautiful_exe.py: unterminated string literal (detected at line 104) (<unknown>, line 104)
2025-09-06 03:34:28,088 - WARNING - ⚠️ Could not analyze ghst_installer_beautiful.py: unterminated string literal (detected at line 123) (<unknown>, line 123)
2025-09-06 03:34:28,089 - WARNING - ⚠️ Could not analyze ghst_installer_enhanced.py: unterminated string literal (detected at line 107) (<unknown>, line 107)
2025-09-06 03:34:28,096 - WARNING - ⚠️ Could not analyze release_manager.py: unterminated string literal (detected at line 130) (<unknown>, line 130)
2025-09-06 03:34:28,215 - WARNING - ⚠️ Could not analyze core\scripts\ai_safety_check.py: unterminated string literal (detected at line 254) (<unknown>, line 254)
2025-09-06 03:34:28,217 - WARNING - ⚠️ Could not analyze core\scripts\check_license_headers.py: unterminated string literal (detected at line 209) (<unknown>, line 209)
2025-09-06 03:34:28,218 - WARNING - ⚠️ Could not analyze core\scripts\ghost_ethical_review.py: unterminated string literal (detected at line 118) (<unknown>, line 118)
2025-09-06 03:34:28,223 - WARNING - ⚠️ Could not analyze core\src\syntax_supervisors.py: unterminated string literal (detected at line 376) (<unknown>, line 376)
2025-09-06 03:34:28,224 - WARNING - ⚠️ Could not analyze core\src\ai_collaboration\error_handler.py: unterminated string literal (detected at line 118) (<unknown>, line 118)
2025-09-06 03:34:28,229 - WARNING - ⚠️ Could not analyze core\src\ai_collaboration\expert_manager.py: unterminated string literal (detected at line 299) (<unknown>, line 299)
2025-09-06 03:34:28,231 - WARNING - ⚠️ Could not analyze core\src\ai_collaboration\ghost_chat.py: unterminated string literal (detected at line 88) (<unknown>, line 88)
2025-09-06 03:34:28,233 - WARNING - ⚠️ Could not analyze core\src\ai_collaboration\ghost_manager.py: unterminated string literal (detected at line 296) (<unknown>, line 296)
2025-09-06 03:34:28,260 - WARNING - ⚠️ Could not analyze core\src\plugins\base_plugin.py: unterminated string literal (detected at line 47) (<unknown>, line 47)
2025-09-06 03:34:28,261 - WARNING - ⚠️ Could not analyze core\src\plugins\plugin_manager.py: unterminated string literal (detected at line 164) (<unknown>, line 164)
2025-09-06 03:34:28,264 - WARNING - ⚠️ Could not analyze core\src\plugins\builtin\gcode_optimizer.py: unterminated string literal (detected at line 92) (<unknown>, line 92)
2025-09-06 03:34:28,266 - WARNING - ⚠️ Could not analyze core\src\plugins\builtin\print_stats.py: unterminated string literal (detected at line 123) (<unknown>, line 123)
2025-09-06 03:34:28,268 - WARNING - ⚠️ Could not analyze core\src\ui_components\main.py: unterminated string literal (detected at line 308) (<unknown>, line 308)
2025-09-06 03:34:28,271 - WARNING - ⚠️ Could not analyze core\src\utils\config_manager.py: unterminated string literal (detected at line 522) (<unknown>, line 522)
2025-09-06 03:34:28,389 - WARNING - ⚠️ Could not analyze releases\v1.0.0-alpha.3\core\scripts\ai_safety_check.py: unterminated string literal (detected at line 254) (<unknown>, line 254)
2025-09-06 03:34:28,390 - WARNING - ⚠️ Could not analyze releases\v1.0.0-alpha.3\core\scripts\check_license_headers.py: unterminated string literal (detected at line 209) (<unknown>, line 209)
2025-09-06 03:34:28,391 - WARNING - ⚠️ Could not analyze releases\v1.0.0-alpha.3\core\scripts\ghost_ethical_review.py: unterminated string literal (detected at line 118) (<unknown>, line 118)
2025-09-06 03:34:28,395 - WARNING - ⚠️ Could not analyze releases\v1.0.0-alpha.3\core\src\syntax_supervisors.py: unterminated string literal (detected at line 376) (<unknown>, line 376)
2025-09-06 03:34:28,396 - WARNING - ⚠️ Could not analyze releases\v1.0.0-alpha.3\core\src\ai_collaboration\error_handler.py: unterminated string literal (detected at line 118) (<unknown>, line 118)
2025-09-06 03:34:28,400 - WARNING - ⚠️ Could not analyze releases\v1.0.0-alpha.3\core\src\ai_collaboration\expert_manager.py: unterminated string literal (detected at line 299) (<unknown>, line 299)
2025-09-06 03:34:28,401 - WARNING - ⚠️ Could not analyze releases\v1.0.0-alpha.3\core\src\ai_collaboration\ghost_chat.py: unterminated string literal (detected at line 88) (<unknown>, line 88)
2025-09-06 03:34:28,403 - WARNING - ⚠️ Could not analyze releases\v1.0.0-alpha.3\core\src\ai_collaboration\ghost_manager.py: unterminated string literal (detected at line 296) (<unknown>, line 296)
2025-09-06 03:34:28,404 - WARNING - ⚠️ Could not analyze releases\v1.0.0-alpha.3\core\src\plugins\base_plugin.py: unterminated string literal (detected at line 47) (<unknown>, line 47)
2025-09-06 03:34:28,405 - WARNING - ⚠️ Could not analyze releases\v1.0.0-alpha.3\core\src\plugins\plugin_manager.py: unterminated string literal (detected at line 164) (<unknown>, line 164)
2025-09-06 03:34:28,408 - WARNING - ⚠️ Could not analyze releases\v1.0.0-alpha.3\core\src\plugins\builtin\gcode_optimizer.py: unterminated string literal (detected at line 92) (<unknown>, line 92)
2025-09-06 03:34:28,409 - WARNING - ⚠️ Could not analyze releases\v1.0.0-alpha.3\core\src\plugins\builtin\print_stats.py: unterminated string literal (detected at line 123) (<unknown>, line 123)
2025-09-06 03:34:28,412 - WARNING - ⚠️ Could not analyze releases\v1.0.0-alpha.3\core\src\ui_components\main.py: unterminated string literal (detected at line 308) (<unknown>, line 308)
2025-09-06 03:34:28,415 - WARNING - ⚠️ Could not analyze releases\v1.0.0-alpha.3\core\src\utils\config_manager.py: unterminated string literal (detected at line 522) (<unknown>, line 522)
2025-09-06 03:34:28,416 - WARNING - ⚠️ Could not analyze scripts\ghst_auto_backup.py: unterminated string literal (detected at line 82) (<unknown>, line 82)
2025-09-06 03:34:28,418 - WARNING - ⚠️ Could not analyze scripts\ghst_auto_continue.py: unterminated string literal (detected at line 75) (<unknown>, line 75)
